2023-05-12 13:46:25.351  INFO 30752 --- [restartedMain] i.g.lscud.mscards.MscardsApplication     : Starting MscardsApplication using Java 19.0.2 on LuisScudeler with PID 30752 (C:\temp\IntelliJ_Projects\Microservicos_Mensageria_SpringCloud\mscards\target\classes started by luiss in C:\temp\IntelliJ_Projects\Microservicos_Mensageria_SpringCloud\mscards)
2023-05-12 13:46:25.353  INFO 30752 --- [restartedMain] i.g.lscud.mscards.MscardsApplication     : No active profile set, falling back to 1 default profile: "default"
2023-05-12 13:46:25.435  INFO 30752 --- [restartedMain] .e.DevToolsPropertyDefaultsPostProcessor : Devtools property defaults active! Set 'spring.devtools.add-properties' to 'false' to disable
2023-05-12 13:46:25.435  INFO 30752 --- [restartedMain] .e.DevToolsPropertyDefaultsPostProcessor : For additional web related logging consider setting the 'logging.level.web' property to 'DEBUG'
2023-05-12 13:46:26.996  INFO 30752 --- [restartedMain] .s.d.r.c.RepositoryConfigurationDelegate : Bootstrapping Spring Data JPA repositories in DEFAULT mode.
2023-05-12 13:46:27.168  INFO 30752 --- [restartedMain] .s.d.r.c.RepositoryConfigurationDelegate : Finished Spring Data repository scanning in 159 ms. Found 2 JPA repository interfaces.
2023-05-12 13:46:27.580  INFO 30752 --- [restartedMain] o.s.cloud.context.scope.GenericScope     : BeanFactory id=8458a64f-9d6b-35aa-a4ca-7c8c8f8932e2
2023-05-12 13:46:28.491  INFO 30752 --- [restartedMain] o.s.b.w.embedded.tomcat.TomcatWebServer  : Tomcat initialized with port(s): 0 (http)
2023-05-12 13:46:28.505  INFO 30752 --- [restartedMain] o.apache.catalina.core.StandardService   : Starting service [Tomcat]
2023-05-12 13:46:28.505  INFO 30752 --- [restartedMain] org.apache.catalina.core.StandardEngine  : Starting Servlet engine: [Apache Tomcat/9.0.74]
2023-05-12 13:46:28.948  INFO 30752 --- [restartedMain] o.a.c.c.C.[Tomcat].[localhost].[/]       : Initializing Spring embedded WebApplicationContext
2023-05-12 13:46:28.948  INFO 30752 --- [restartedMain] w.s.c.ServletWebServerApplicationContext : Root WebApplicationContext: initialization completed in 3510 ms
2023-05-12 13:46:29.159  INFO 30752 --- [restartedMain] com.zaxxer.hikari.HikariDataSource       : HikariPool-1 - Starting...
2023-05-12 13:46:29.475  INFO 30752 --- [restartedMain] com.zaxxer.hikari.HikariDataSource       : HikariPool-1 - Start completed.
2023-05-12 13:46:29.496  INFO 30752 --- [restartedMain] o.s.b.a.h2.H2ConsoleAutoConfiguration    : H2 console available at '/h2-console'. Database available at 'jdbc:h2:mem:f7fb1968-0335-4b97-8e7d-b381e4259faa'
2023-05-12 13:46:29.768  INFO 30752 --- [restartedMain] o.hibernate.jpa.internal.util.LogHelper  : HHH000204: Processing PersistenceUnitInfo [name: default]
2023-05-12 13:46:29.851  INFO 30752 --- [restartedMain] org.hibernate.Version                    : HHH000412: Hibernate ORM core version 5.6.15.Final
2023-05-12 13:46:30.082  INFO 30752 --- [restartedMain] o.hibernate.annotations.common.Version   : HCANN000001: Hibernate Commons Annotations {5.1.2.Final}
2023-05-12 13:46:30.255  INFO 30752 --- [restartedMain] org.hibernate.dialect.Dialect            : HHH000400: Using dialect: org.hibernate.dialect.H2Dialect
2023-05-12 13:46:31.075  INFO 30752 --- [restartedMain] o.h.e.t.j.p.i.JtaPlatformInitiator       : HHH000490: Using JtaPlatform implementation: [org.hibernate.engine.transaction.jta.platform.internal.NoJtaPlatform]
2023-05-12 13:46:31.084  INFO 30752 --- [restartedMain] j.LocalContainerEntityManagerFactoryBean : Initialized JPA EntityManagerFactory for persistence unit 'default'
2023-05-12 13:46:32.113  WARN 30752 --- [restartedMain] JpaBaseConfiguration$JpaWebConfiguration : spring.jpa.open-in-view is enabled by default. Therefore, database queries may be performed during view rendering. Explicitly configure spring.jpa.open-in-view to disable this warning
2023-05-12 13:46:35.194  WARN 30752 --- [restartedMain] o.s.b.d.a.OptionalLiveReloadServer       : Unable to start LiveReload server
2023-05-12 13:46:35.326  INFO 30752 --- [restartedMain] DiscoveryClientOptionalArgsConfiguration : Eureka HTTP Client uses RestTemplate.
2023-05-12 13:46:35.483  WARN 30752 --- [restartedMain] iguration$LoadBalancerCaffeineWarnLogger : Spring Cloud LoadBalancer is currently working with the default cache. While this cache implementation is useful for development and tests, it's recommended to use Caffeine cache in production.You can switch to using Caffeine cache, by adding it and org.springframework.cache.caffeine.CaffeineCacheManager to the classpath.
2023-05-12 13:46:35.496  INFO 30752 --- [restartedMain] o.s.b.a.e.web.EndpointLinksResolver      : Exposing 17 endpoint(s) beneath base path '/actuator'
2023-05-12 13:46:35.654  INFO 30752 --- [restartedMain] o.s.b.w.embedded.tomcat.TomcatWebServer  : Tomcat started on port(s): 53538 (http) with context path ''
2023-05-12 13:46:35.656  INFO 30752 --- [restartedMain] .s.c.n.e.s.EurekaAutoServiceRegistration : Updating port to 53538
2023-05-12 13:46:35.665  INFO 30752 --- [restartedMain] o.s.c.n.eureka.InstanceInfoFactory       : Setting initial instance status as: STARTING
2023-05-12 13:46:35.888  INFO 30752 --- [restartedMain] com.netflix.discovery.DiscoveryClient    : Initializing Eureka in region us-east-1
2023-05-12 13:46:35.900  INFO 30752 --- [restartedMain] c.n.d.s.r.aws.ConfigClusterResolver      : Resolving eureka endpoints via configuration
2023-05-12 13:46:35.956  INFO 30752 --- [restartedMain] com.netflix.discovery.DiscoveryClient    : Disable delta property : false
2023-05-12 13:46:35.957  INFO 30752 --- [restartedMain] com.netflix.discovery.DiscoveryClient    : Single vip registry refresh property : null
2023-05-12 13:46:35.957  INFO 30752 --- [restartedMain] com.netflix.discovery.DiscoveryClient    : Force full registry fetch : false
2023-05-12 13:46:35.957  INFO 30752 --- [restartedMain] com.netflix.discovery.DiscoveryClient    : Application is null : false
2023-05-12 13:46:35.957  INFO 30752 --- [restartedMain] com.netflix.discovery.DiscoveryClient    : Registered Applications size is zero : true
2023-05-12 13:46:35.957  INFO 30752 --- [restartedMain] com.netflix.discovery.DiscoveryClient    : Application version is -1: true
2023-05-12 13:46:35.958  INFO 30752 --- [restartedMain] com.netflix.discovery.DiscoveryClient    : Getting all instance registry info from the eureka server
2023-05-12 13:46:36.577  INFO 30752 --- [restartedMain] com.netflix.discovery.DiscoveryClient    : The response status is 200
2023-05-12 13:46:36.580  INFO 30752 --- [restartedMain] com.netflix.discovery.DiscoveryClient    : Starting heartbeat executor: renew interval is: 30
2023-05-12 13:46:36.585  INFO 30752 --- [restartedMain] c.n.discovery.InstanceInfoReplicator     : InstanceInfoReplicator onDemand update allowed rate per min is 4
2023-05-12 13:46:36.593  INFO 30752 --- [restartedMain] com.netflix.discovery.DiscoveryClient    : Discovery Client initialized at timestamp 1683909996591 with initial instances count: 3
2023-05-12 13:46:36.597  INFO 30752 --- [restartedMain] o.s.c.n.e.s.EurekaServiceRegistry        : Registering application MSCARTOES with eureka with status UP
2023-05-12 13:46:36.598  INFO 30752 --- [restartedMain] com.netflix.discovery.DiscoveryClient    : Saw local status change event StatusChangeEvent [timestamp=1683909996598, current=UP, previous=STARTING]
2023-05-12 13:46:36.601  INFO 30752 --- [DiscoveryClient-InstanceInfoReplicator-0] com.netflix.discovery.DiscoveryClient    : DiscoveryClient_MSCARTOES/mscartoes:f4f520aedd6495cee355663807c2ef6b: registering service...
2023-05-12 13:46:36.699  INFO 30752 --- [restartedMain] o.s.a.r.c.CachingConnectionFactory       : Attempting to connect to: [localhost:5672]
2023-05-12 13:46:36.757  INFO 30752 --- [DiscoveryClient-InstanceInfoReplicator-0] com.netflix.discovery.DiscoveryClient    : DiscoveryClient_MSCARTOES/mscartoes:f4f520aedd6495cee355663807c2ef6b - registration status: 204
2023-05-12 13:46:36.776  INFO 30752 --- [restartedMain] o.s.a.r.c.CachingConnectionFactory       : Created new connection: rabbitConnectionFactory#61ecb968:0/SimpleConnection@75a9e7a2 [delegate=amqp://guest@127.0.0.1:5672/, localPort= 53541]
2023-05-12 13:46:36.890  INFO 30752 --- [restartedMain] i.g.lscud.mscards.MscardsApplication     : Started MscardsApplication in 12.224 seconds (JVM running for 13.62)
2023-05-12 13:47:29.222  INFO 30752 --- [http-nio-auto-1-exec-2] o.a.c.c.C.[Tomcat].[localhost].[/]       : Initializing Spring DispatcherServlet 'dispatcherServlet'
2023-05-12 13:47:29.222  INFO 30752 --- [http-nio-auto-1-exec-2] o.s.web.servlet.DispatcherServlet        : Initializing Servlet 'dispatcherServlet'
2023-05-12 13:47:29.224  INFO 30752 --- [http-nio-auto-1-exec-2] o.s.web.servlet.DispatcherServlet        : Completed initialization in 2 ms
